<?xml version="1.0" encoding="UTF-8"?>
<!-- Generated by org.testng.reporters.JUnitXMLReporter -->
<testsuite hostname="RakSan-HP32" ignored="0" name="Remote One Test" tests="11" failures="0" timestamp="21 Feb 2018 10:29:25 GMT" time="104.383" errors="0">
  <testcase name="@BeforeClass setup" time="104.208" classname="basePackage.TestBaseClass">
    <failure type="org.openqa.selenium.SessionNotCreatedException" message="Unable to create session from org.openqa.selenium.remote.NewSessionPayload@70adc27e
Build info: version: &amp;apos;3.9.1&amp;apos;, revision: &amp;apos;63f7b50&amp;apos;, time: &amp;apos;2018-02-07T22:42:28.403Z&amp;apos;
System info: host: &amp;apos;RAKSAN-HP32&amp;apos;, ip: &amp;apos;192.168.0.58&amp;apos;, os.name: &amp;apos;Windows 10&amp;apos;, os.arch: &amp;apos;amd64&amp;apos;, os.version: &amp;apos;10.0&amp;apos;, java.version: &amp;apos;1.8.0_74&amp;apos;
Driver info: driver.version: unknown
Command duration or timeout: 0 milliseconds">
      <![CDATA[org.openqa.selenium.SessionNotCreatedException: Unable to create session from org.openqa.selenium.remote.NewSessionPayload@70adc27eBuild info: version: '3.9.1', revision: '63f7b50', time: '2018-02-07T22:42:28.403Z'System info: host: 'RAKSAN-HP32', ip: '192.168.0.58', os.name: 'Windows 10', os.arch: 'amd64', os.version: '10.0', java.version: '1.8.0_74'Driver info: driver.version: unknownCommand duration or timeout: 0 millisecondsat org.openqa.selenium.remote.ErrorHandler.createThrowable(ErrorHandler.java:216)at org.openqa.selenium.remote.ErrorHandler.throwIfResponseFailed(ErrorHandler.java:168)at org.openqa.selenium.remote.ProtocolHandshake.createSession(ProtocolHandshake.java:367)at org.openqa.selenium.remote.ProtocolHandshake.createSession(ProtocolHandshake.java:113)at org.openqa.selenium.remote.HttpCommandExecutor.execute(HttpCommandExecutor.java:141)at org.openqa.selenium.remote.RemoteWebDriver.execute(RemoteWebDriver.java:604)at org.openqa.selenium.remote.RemoteWebDriver.startSession(RemoteWebDriver.java:244)at org.openqa.selenium.remote.RemoteWebDriver.<init>(RemoteWebDriver.java:131)at org.openqa.selenium.remote.RemoteWebDriver.<init>(RemoteWebDriver.java:158)at basePackage.TestBaseClass.getRemoteWebDriverInstance(TestBaseClass.java:77)at basePackage.TestBaseClass.setup(TestBaseClass.java:90)Caused by: org.openqa.selenium.SessionNotCreatedException: Unable to create session from org.openqa.selenium.remote.NewSessionPayload@70adc27eBuild info: version: '3.9.1', revision: '63f7b50', time: '2018-02-07T22:42:28.403Z'System info: host: 'RAKSAN-HP32', ip: '192.168.0.58', os.name: 'Windows 10', os.arch: 'amd64', os.version: '10.0', java.version: '1.8.0_74'Driver info: driver.version: unknownBuild info: version: '3.3.1', revision: '5234b32', time: '2017-03-10 09:04:52 -0800'System info: host: 'RAKSAN-HP32', ip: '192.168.0.58', os.name: 'Windows 10', os.arch: 'amd64', os.version: '10.0', java.version: '1.8.0_74'Driver info: driver.version: unknownat org.openqa.selenium.remote.server.NewSessionPipeline.lambda$null$4(NewSessionPipeline.java:75)at java.util.Optional.orElseThrow(Optional.java:290)at org.openqa.selenium.remote.server.NewSessionPipeline.lambda$createNewSession$5(NewSessionPipeline.java:74)at java.util.Optional.orElseGet(Optional.java:267)at org.openqa.selenium.remote.server.NewSessionPipeline.createNewSession(NewSessionPipeline.java:72)at org.openqa.selenium.remote.server.commandhandler.BeginSession.execute(BeginSession.java:65)at org.openqa.selenium.remote.server.WebDriverServlet.lambda$handle$0(WebDriverServlet.java:242)at java.util.concurrent.Executors$RunnableAdapter.call(Executors.java:511)at java.util.concurrent.FutureTask.run(FutureTask.java:266)at java.util.concurrent.ThreadPoolExecutor.runWorker(ThreadPoolExecutor.java:1142)at java.util.concurrent.ThreadPoolExecutor$Worker.run(ThreadPoolExecutor.java:617)at java.lang.Thread.run(Thread.java:745)... Removed 30 stack frames]]>
    </failure>
  </testcase> <!-- @BeforeClass setup -->
  <testcase name="@AfterClass tearDown" time="0.0" classname="basePackage.TestBaseClass">
    <skipped/>
  </testcase> <!-- @AfterClass tearDown -->
  <testcase name="testCase1" time="0.0" classname="testExecutionPackage.TestCase1">
    <skipped/>
  </testcase> <!-- testCase1 -->
  <testcase name="testCase1" time="0.0" classname="testExecutionPackage.TestCase1">
    <skipped/>
  </testcase> <!-- testCase1 -->
  <testcase name="testCase1" time="0.0" classname="testExecutionPackage.TestCase1">
    <skipped/>
  </testcase> <!-- testCase1 -->
  <testcase name="testCase1" time="0.0" classname="testExecutionPackage.TestCase1">
    <skipped/>
  </testcase> <!-- testCase1 -->
  <testcase name="testCase1" time="0.0" classname="testExecutionPackage.TestCase1">
    <skipped/>
  </testcase> <!-- testCase1 -->
  <testcase name="testCase1" time="0.0" classname="testExecutionPackage.TestCase1">
    <skipped/>
  </testcase> <!-- testCase1 -->
  <testcase name="testCase1" time="0.0" classname="testExecutionPackage.TestCase1">
    <skipped/>
  </testcase> <!-- testCase1 -->
  <testcase name="testCase1" time="0.0" classname="testExecutionPackage.TestCase1">
    <skipped/>
  </testcase> <!-- testCase1 -->
  <testcase name="testCase1" time="0.0" classname="testExecutionPackage.TestCase1">
    <skipped/>
  </testcase> <!-- testCase1 -->
  <testcase name="testCase1" time="0.0" classname="testExecutionPackage.TestCase1">
    <skipped/>
  </testcase> <!-- testCase1 -->
  <testcase name="testcase2" time="0.0" classname="testExecutionPackage.TestCase1">
    <skipped/>
  </testcase> <!-- testcase2 -->
</testsuite> <!-- Remote One Test -->
